<?xml version="1.0" encoding="UTF-8"?>
<!-- Generated by org.testng.reporters.JUnitReportReporter -->
<testsuite skipped="0" hostname="RajashekarReddy" name="testNGFramework.WithoutPriority" tests="6" failures="0" timestamp="19 Nov 2020 03:19:59 GMT" time="0.053" errors="0">
  <testcase name="b_script" time="0.008" classname="testNGFramework.WithoutPriority"/>
  <testcase name="d_script" time="0.003" classname="testNGFramework.WithoutPriority"/>
  <testcase name="c_script" time="0.004" classname="testNGFramework.WithoutPriority"/>
  <testcase name="e_script" time="0.007" classname="testNGFramework.WithoutPriority"/>
  <testcase name="a_script" time="0.022" classname="testNGFramework.WithoutPriority"/>
  <testcase name="f_script" time="0.009" classname="testNGFramework.WithoutPriority"/>
</testsuite> <!-- testNGFramework.WithoutPriority -->
