<?xml version="1.0" encoding="UTF-8"?>
<!-- Generated by org.testng.reporters.JUnitReportReporter -->
<testsuite skipped="0" hostname="RajashekarReddy" name="testNGFramework.VerificationCommands" tests="4" failures="0" timestamp="25 Nov 2020 03:47:44 GMT" time="30.830" errors="0">
  <testcase name="a_urllaunch" time="19.706" classname="testNGFramework.VerificationCommands"/>
  <testcase name="b_radiobutton" time="10.666" classname="testNGFramework.VerificationCommands"/>
  <testcase name="c_checkbox" time="0.252" classname="testNGFramework.VerificationCommands"/>
  <testcase name="d_txt" time="0.206" classname="testNGFramework.VerificationCommands"/>
</testsuite> <!-- testNGFramework.VerificationCommands -->
