<?xml version="1.0" encoding="UTF-8"?>
<!-- Generated by org.testng.reporters.JUnitReportReporter -->
<testsuite skipped="0" hostname="RajashekarReddy" name="testNGFramework.ZerobankingForTestNG" tests="3" failures="0" timestamp="23 Nov 2020 03:45:25 GMT" time="19.922" errors="0">
  <testcase name="pagelogin" time="10.572" classname="testNGFramework.ZerobankingForTestNG"/>
  <testcase name="rgistration" time="5.674" classname="testNGFramework.ZerobankingForTestNG"/>
  <testcase name="logout" time="3.676" classname="testNGFramework.ZerobankingForTestNG"/>
</testsuite> <!-- testNGFramework.ZerobankingForTestNG -->
