<?xml version="1.0" encoding="UTF-8"?>
<!-- Generated by org.testng.reporters.JUnitReportReporter -->
<testsuite skipped="0" hostname="RajashekarReddy" name="testNGFramework.MethodDependency" tests="6" failures="0" timestamp="19 Nov 2020 03:34:40 GMT" time="0.051" errors="0">
  <testcase name="c_script" time="0.003" classname="testNGFramework.MethodDependency"/>
  <testcase name="d_script" time="0.002" classname="testNGFramework.MethodDependency"/>
  <testcase name="b_script" time="0.009" classname="testNGFramework.MethodDependency"/>
  <testcase name="a_script" time="0.028" classname="testNGFramework.MethodDependency"/>
  <testcase name="e_script" time="0.002" classname="testNGFramework.MethodDependency"/>
  <testcase name="f_script" time="0.007" classname="testNGFramework.MethodDependency"/>
</testsuite> <!-- testNGFramework.MethodDependency -->
