<?xml version="1.0" encoding="UTF-8"?>
<!-- Generated by org.testng.reporters.JUnitReportReporter -->
<testsuite skipped="0" hostname="RajashekarReddy" name="automationFramework.Explicit" tests="2" failures="0" timestamp="24 Nov 2020 04:08:29 GMT" time="24.477" errors="0">
  <testcase name="a_urllaunch" time="11.845" classname="automationFramework.Explicit"/>
  <testcase name="b_implicitwaitt" time="12.632" classname="automationFramework.Explicit"/>
</testsuite> <!-- automationFramework.Explicit -->
