<?xml version="1.0" encoding="UTF-8"?>
<!-- Generated by org.testng.reporters.JUnitReportReporter -->
<testsuite skipped="0" hostname="RajashekarReddy" name="testNGFramework.Implicit" tests="2" failures="0" timestamp="24 Nov 2020 03:58:44 GMT" time="25.149" errors="0">
  <testcase name="b_implicitwaitt" time="10.780" classname="testNGFramework.Implicit"/>
  <testcase name="a_urllaunch" time="14.369" classname="testNGFramework.Implicit"/>
</testsuite> <!-- testNGFramework.Implicit -->
