<?xml version="1.0" encoding="UTF-8"?>
<!-- Generated by org.testng.reporters.JUnitReportReporter -->
<testsuite skipped="0" hostname="RajashekarReddy" name="testNGFramework.YourLogoForTestNGAnnotations" tests="5" failures="0" timestamp="03 Dec 2020 10:03:43 GMT" time="55.906" errors="0">
  <testcase name="b_intialRegistration" time="13.528" classname="testNGFramework.YourLogoForTestNGAnnotations"/>
  <testcase name="d_addressInfo" time="4.774" classname="testNGFramework.YourLogoForTestNGAnnotations"/>
  <testcase name="e_signOut" time="2.656" classname="testNGFramework.YourLogoForTestNGAnnotations"/>
  <testcase name="c_personalInfo" time="32.603" classname="testNGFramework.YourLogoForTestNGAnnotations"/>
  <testcase name="f_signIn" time="2.345" classname="testNGFramework.YourLogoForTestNGAnnotations"/>
</testsuite> <!-- testNGFramework.YourLogoForTestNGAnnotations -->
