<?xml version="1.0" encoding="UTF-8"?>
<!-- Generated by org.testng.reporters.JUnitReportReporter -->
<testsuite skipped="0" hostname="RajashekarReddy" name="testNGFramework.Screenshots" tests="3" failures="0" timestamp="30 Nov 2020 03:53:42 GMT" time="25.244" errors="0">
  <testcase name="c_logout" time="4.268" classname="testNGFramework.Screenshots"/>
  <testcase name="a_pagelogin" time="13.837" classname="testNGFramework.Screenshots"/>
  <testcase name="b_rgistration" time="7.139" classname="testNGFramework.Screenshots"/>
</testsuite> <!-- testNGFramework.Screenshots -->
