<?xml version="1.0" encoding="UTF-8"?>
<!-- Generated by org.testng.reporters.JUnitReportReporter -->
<testsuite skipped="1" hostname="RajashekarReddy" name="testNGFramework.DisablingTestscriptt" tests="6" failures="0" timestamp="19 Nov 2020 03:27:03 GMT" time="0.042" errors="0">
  <testcase name="c_script" time="0.006" classname="testNGFramework.DisablingTestscriptt"/>
  <testcase name="e_script" time="0.003" classname="testNGFramework.DisablingTestscriptt"/>
  <testcase name="d_script" time="0.002" classname="testNGFramework.DisablingTestscriptt"/>
  <testcase name="f_script" time="0.002" classname="testNGFramework.DisablingTestscriptt"/>
  <testcase name="a_script" time="0.029" classname="testNGFramework.DisablingTestscriptt"/>
  <testcase name="b_script" classname="testNGFramework.DisablingTestscriptt">
    <skipped/>
  </testcase> <!-- b_script -->
</testsuite> <!-- testNGFramework.DisablingTestscriptt -->
