<?xml version="1.0" encoding="UTF-8"?>
<!-- Generated by org.testng.reporters.JUnitReportReporter -->
<testsuite skipped="0" hostname="RajashekarReddy" name="testNGFramework.Groupingconcept" tests="3" failures="0" timestamp="23 Nov 2020 03:56:28 GMT" time="0.024" errors="0">
  <testcase name="a_script" time="0.019" classname="testNGFramework.Groupingconcept"/>
  <testcase name="b_script" time="0.002" classname="testNGFramework.Groupingconcept"/>
  <testcase name="c_script" time="0.003" classname="testNGFramework.Groupingconcept"/>
</testsuite> <!-- testNGFramework.Groupingconcept -->
