<?xml version="1.0" encoding="UTF-8"?>
<!-- Generated by org.testng.reporters.JUnitReportReporter -->
<testsuite skipped="0" hostname="RajashekarReddy" name="testNGFramework.AnnoationsDemo" tests="1" failures="0" timestamp="03 Dec 2020 09:50:59 GMT" time="0.011" errors="0">
  <testcase name="f" time="0.011" classname="testNGFramework.AnnoationsDemo"/>
</testsuite> <!-- testNGFramework.AnnoationsDemo -->
