<?xml version="1.0" encoding="UTF-8"?>
<!-- Generated by org.testng.reporters.JUnitReportReporter -->
<testsuite skipped="0" hostname="RajashekarReddy" name="scripts.LoginFlowScript" tests="2" failures="0" timestamp="03 Dec 2020 03:26:19 GMT" time="38.221" errors="0">
  <testcase name="a_pageLoad" time="27.522" classname="scripts.LoginFlowScript"/>
  <testcase name="b_LoginLogout" time="10.699" classname="scripts.LoginFlowScript"/>
</testsuite> <!-- scripts.LoginFlowScript -->
